24-07-2022 21:15:17  - DEBUG - wefwef
24-07-2022 21:15:17  - DEBUG - отправляем сообщения обратно
24-07-2022 21:16:11  - DEBUG - dqwdwq
24-07-2022 21:16:11  - DEBUG - отправляем сообщения обратно
24-07-2022 21:19  - DEBUG - erger
24-07-2022 21:19  - DEBUG - отправляем сообщения обратно
24-07-2022 21:21  - DEBUG - Получено сообщение
24-07-2022 21:21  - DEBUG - йцвй
24-07-2022 21:21  - DEBUG - отправляем сообщения обратно
24-07-2022 21:21  - DEBUG - Получено сообщение
24-07-2022 21:21  - DEBUG - 
24-07-2022 21:21  - DEBUG - отправляем сообщения обратно
24-07-2022 21:21  - ERROR - ошибка в обработке событий
Traceback (most recent call last):
  File "D:\Git\Python\vk_api\bot\vk_bot.py", line 31, in run
    self.on_event(event)
  File "D:\Git\Python\vk_api\bot\vk_bot.py", line 39, in on_event
    self.api.messages.send(message=event.object['message']['text'],
  File "D:\Git\Python\vk_api\bot\venv\lib\site-packages\vk_api\vk_api.py", line 737, in __call__
    return self._vk.method(self._method, kwargs)
  File "D:\Git\Python\vk_api\bot\venv\lib\site-packages\vk_api\vk_api.py", line 697, in method
    raise error
vk_api.exceptions.ApiError: [100] One of the parameters specified was missing or invalid: message is empty or invalid
24-07-2022 21:23  - DEBUG - Получено сообщение
24-07-2022 21:23  - DEBUG - 🤪🤪🤪
24-07-2022 21:23  - DEBUG - отправляем сообщения обратно
24-07-2022 21:23  - DEBUG - Получено сообщение
24-07-2022 21:23  - DEBUG - 
24-07-2022 21:23  - DEBUG - отправляем сообщения обратно
24-07-2022 21:23  - ERROR - ошибка в обработке событий
Traceback (most recent call last):
  File "D:\Git\Python\vk_api\bot\vk_bot.py", line 31, in run
    self.on_event(event)
  File "D:\Git\Python\vk_api\bot\vk_bot.py", line 39, in on_event
    self.api.messages.send(message=event.object['message']['text'],
  File "D:\Git\Python\vk_api\bot\venv\lib\site-packages\vk_api\vk_api.py", line 737, in __call__
    return self._vk.method(self._method, kwargs)
  File "D:\Git\Python\vk_api\bot\venv\lib\site-packages\vk_api\vk_api.py", line 697, in method
    raise error
vk_api.exceptions.ApiError: [100] One of the parameters specified was missing or invalid: message is empty or invalid
25-07-2022 20:02  - DEBUG - Получено сообщение
25-07-2022 20:02  - DEBUG - Получено сообщение
25-07-2022 20:02  - DEBUG - Получено сообщение
25-07-2022 20:02  - DEBUG - Получено сообщение
25-07-2022 20:02  - DEBUG - Получено сообщение
25-07-2022 20:21  - DEBUG - Получено сообщение
25-07-2022 20:21  - DEBUG - wewe
25-07-2022 20:21  - DEBUG - отправляем сообщения обратно
25-07-2022 20:54  - DEBUG - wewe
25-07-2022 20:54  - DEBUG - отправляем сообщения обратно
25-07-2022 20:56  - DEBUG - wewe
25-07-2022 20:56  - DEBUG - отправляем сообщения обратно
25-07-2022 20:56  - DEBUG - wewe
25-07-2022 20:56  - DEBUG - отправляем сообщения обратно
25-07-2022 20:56  - DEBUG - wewe
25-07-2022 20:56  - DEBUG - отправляем сообщения обратно
25-07-2022 20:56  - DEBUG - Получено сообщение
25-07-2022 20:56  - DEBUG - Получено сообщение
25-07-2022 20:56  - DEBUG - Получено сообщение
25-07-2022 20:56  - DEBUG - Получено сообщение
25-07-2022 20:56  - DEBUG - Получено сообщение
25-07-2022 21:04  - DEBUG - wewe
25-07-2022 21:04  - DEBUG - отправляем сообщения обратно
25-07-2022 21:04  - DEBUG - Получено сообщение
25-07-2022 21:04  - DEBUG - Получено сообщение
25-07-2022 21:04  - DEBUG - Получено сообщение
25-07-2022 21:04  - DEBUG - Получено сообщение
25-07-2022 21:04  - DEBUG - Получено сообщение
25-07-2022 21:06  - DEBUG - wewe
25-07-2022 21:06  - DEBUG - отправляем сообщения обратно
25-07-2022 21:06  - DEBUG - Получено сообщение
25-07-2022 21:06  - DEBUG - Получено сообщение
25-07-2022 21:06  - DEBUG - Получено сообщение
25-07-2022 21:06  - DEBUG - Получено сообщение
25-07-2022 21:06  - DEBUG - Получено сообщение
